This is pdfTeX, Version 3.141592653-2.6-1.40.27 (TeX Live 2025) (preloaded format=pdflatex 2026.2.5)  13 JUL 2026 07:06
entering extended mode
 restricted \write18 enabled.
 %&-line parsing enabled.
**api.tex
(./api.tex
LaTeX2e <2024-11-01> patch level 2
L3 programming layer <2025-01-18>
(/usr/local/texlive/2025/texmf-dist/tex/latex/base/report.cls
Document Class: report 2024/06/29 v1.4n Standard LaTeX document class
(/usr/local/texlive/2025/texmf-dist/tex/latex/base/size11.clo
File: size11.clo 2024/06/29 v1.4n Standard LaTeX file (size option)
)
\c@part=\count196
\c@chapter=\count197
\c@section=\count198
\c@subsection=\count199
\c@subsubsection=\count266
\c@paragraph=\count267
\c@subparagraph=\count268
\c@figure=\count269
\c@table=\count270
\abovecaptionskip=\skip49
\belowcaptionskip=\skip50
\bibindent=\dimen141
)
(/usr/local/texlive/2025/texmf-dist/tex/latex/base/inputenc.sty
Package: inputenc 2024/02/08 v1.3d Input encoding file
\inpenc@prehook=\toks17
\inpenc@posthook=\toks18
)
(/usr/local/texlive/2025/texmf-dist/tex/latex/base/fontenc.sty
Package: fontenc 2021/04/29 v2.0v Standard LaTeX package
)
(/usr/local/texlive/2025/texmf-dist/tex/generic/babel/babel.sty
Package: babel 2025/02/14 v25.4 The multilingual framework for pdfLaTeX, LuaLaT
eX and XeLaTeX
\babel@savecnt=\count271
\U@D=\dimen142
\l@unhyphenated=\language90

(/usr/local/texlive/2025/texmf-dist/tex/generic/babel/txtbabel.def)
\bbl@readstream=\read2
\bbl@dirlevel=\count272

(/usr/local/texlive/2025/texmf-dist/tex/generic/babel-english/english.ldf
Language: english 2017/06/06 v3.3r English support from the babel system
Package babel Info: Hyphen rules for 'canadian' set to \l@english
(babel)             (\language0). Reported on input line 102.
Package babel Info: Hyphen rules for 'australian' set to \l@ukenglish
(babel)             (\language22). Reported on input line 105.
Package babel Info: Hyphen rules for 'newzealand' set to \l@ukenglish
(babel)             (\language22). Reported on input line 108.
))
(/usr/local/texlive/2025/texmf-dist/tex/generic/babel/locale/en/babel-english.t
ex
Package babel Info: Importing font and identification data for english
(babel)             from babel-en.ini. Reported on input line 11.
) (/usr/local/texlive/2025/texmf-dist/tex/latex/geometry/geometry.sty
Package: geometry 2020/01/02 v5.9 Page Geometry

(/usr/local/texlive/2025/texmf-dist/tex/latex/graphics/keyval.sty
Package: keyval 2022/05/29 v1.15 key=value parser (DPC)
\KV@toks@=\toks19
)
(/usr/local/texlive/2025/texmf-dist/tex/generic/iftex/ifvtex.sty
Package: ifvtex 2019/10/25 v1.7 ifvtex legacy package. Use iftex instead.

(/usr/local/texlive/2025/texmf-dist/tex/generic/iftex/iftex.sty
Package: iftex 2024/12/12 v1.0g TeX engine tests
))
\Gm@cnth=\count273
\Gm@cntv=\count274
\c@Gm@tempcnt=\count275
\Gm@bindingoffset=\dimen143
\Gm@wd@mp=\dimen144
\Gm@odd@mp=\dimen145
\Gm@even@mp=\dimen146
\Gm@layoutwidth=\dimen147
\Gm@layoutheight=\dimen148
\Gm@layouthoffset=\dimen149
\Gm@layoutvoffset=\dimen150
\Gm@dimlist=\toks20
)
(/usr/local/texlive/2025/texmf-dist/tex/latex/booktabs/booktabs.sty
Package: booktabs 2020/01/12 v1.61803398 Publication quality tables
\heavyrulewidth=\dimen151
\lightrulewidth=\dimen152
\cmidrulewidth=\dimen153
\belowrulesep=\dimen154
\belowbottomsep=\dimen155
\aboverulesep=\dimen156
\abovetopsep=\dimen157
\cmidrulesep=\dimen158
\cmidrulekern=\dimen159
\defaultaddspace=\dimen160
\@cmidla=\count276
\@cmidlb=\count277
\@aboverulesep=\dimen161
\@belowrulesep=\dimen162
\@thisruleclass=\count278
\@lastruleclass=\count279
\@thisrulewidth=\dimen163
)
(/usr/local/texlive/2025/texmf-dist/tex/latex/tools/tabularx.sty
Package: tabularx 2023/12/11 v2.12a `tabularx' package (DPC)

(/usr/local/texlive/2025/texmf-dist/tex/latex/tools/array.sty
Package: array 2024/10/17 v2.6g Tabular extension package (FMi)
\col@sep=\dimen164
\ar@mcellbox=\box52
\extrarowheight=\dimen165
\NC@list=\toks21
\extratabsurround=\skip51
\backup@length=\skip52
\ar@cellbox=\box53
)
\TX@col@width=\dimen166
\TX@old@table=\dimen167
\TX@old@col=\dimen168
\TX@target=\dimen169
\TX@delta=\dimen170
\TX@cols=\count280
\TX@ftn=\toks22
)
(/usr/local/texlive/2025/texmf-dist/tex/latex/enumitem/enumitem.sty
Package: enumitem 2025/02/06 v3.11 Customized lists
\labelindent=\skip53
\enit@outerparindent=\dimen171
\enit@toks=\toks23
\enit@inbox=\box54
\enit@count@id=\count281
\enitdp@description=\count282
)
(/usr/local/texlive/2025/texmf-dist/tex/latex/xcolor/xcolor.sty
Package: xcolor 2024/09/29 v3.02 LaTeX color extensions (UK)

(/usr/local/texlive/2025/texmf-dist/tex/latex/graphics-cfg/color.cfg
File: color.cfg 2016/01/02 v1.6 sample color configuration
)
Package xcolor Info: Driver file: pdftex.def on input line 274.

(/usr/local/texlive/2025/texmf-dist/tex/latex/graphics-def/pdftex.def
File: pdftex.def 2024/04/13 v1.2c Graphics/color driver for pdftex
)
(/usr/local/texlive/2025/texmf-dist/tex/latex/graphics/mathcolor.ltx)
Package xcolor Info: Model `cmy' substituted by `cmy0' on input line 1349.
Package xcolor Info: Model `hsb' substituted by `rgb' on input line 1353.
Package xcolor Info: Model `RGB' extended on input line 1365.
Package xcolor Info: Model `HTML' substituted by `rgb' on input line 1367.
Package xcolor Info: Model `Hsb' substituted by `hsb' on input line 1368.
Package xcolor Info: Model `tHsb' substituted by `hsb' on input line 1369.
Package xcolor Info: Model `HSB' substituted by `hsb' on input line 1370.
Package xcolor Info: Model `Gray' substituted by `gray' on input line 1371.
Package xcolor Info: Model `wave' substituted by `hsb' on input line 1372.
)
(/usr/local/texlive/2025/texmf-dist/tex/latex/listings/listings.sty
\lst@mode=\count283
\lst@gtempboxa=\box55
\lst@token=\toks24
\lst@length=\count284
\lst@currlwidth=\dimen172
\lst@column=\count285
\lst@pos=\count286
\lst@lostspace=\dimen173
\lst@width=\dimen174
\lst@newlines=\count287
\lst@lineno=\count288
\lst@maxwidth=\dimen175

(/usr/local/texlive/2025/texmf-dist/tex/latex/listings/lstpatch.sty
File: lstpatch.sty 2024/09/23 1.10c (Carsten Heinz)
)
(/usr/local/texlive/2025/texmf-dist/tex/latex/listings/lstmisc.sty
File: lstmisc.sty 2024/09/23 1.10c (Carsten Heinz)
\c@lstnumber=\count289
\lst@skipnumbers=\count290
\lst@framebox=\box56
)
(/usr/local/texlive/2025/texmf-dist/tex/latex/listings/listings.cfg
File: listings.cfg 2024/09/23 1.10c listings configuration
))
Package: listings 2024/09/23 1.10c (Carsten Heinz)

(/usr/local/texlive/2025/texmf-dist/tex/latex/hyperref/hyperref.sty
Package: hyperref 2024-11-05 v7.01l Hypertext links for LaTeX

(/usr/local/texlive/2025/texmf-dist/tex/latex/kvsetkeys/kvsetkeys.sty
Package: kvsetkeys 2022-10-05 v1.19 Key value parser (HO)
)
(/usr/local/texlive/2025/texmf-dist/tex/generic/kvdefinekeys/kvdefinekeys.sty
Package: kvdefinekeys 2019-12-19 v1.6 Define keys (HO)
)
(/usr/local/texlive/2025/texmf-dist/tex/generic/pdfescape/pdfescape.sty
Package: pdfescape 2019/12/09 v1.15 Implements pdfTeX's escape features (HO)

(/usr/local/texlive/2025/texmf-dist/tex/generic/ltxcmds/ltxcmds.sty
Package: ltxcmds 2023-12-04 v1.26 LaTeX kernel commands for general use (HO)
)
(/usr/local/texlive/2025/texmf-dist/tex/generic/pdftexcmds/pdftexcmds.sty
Package: pdftexcmds 2020-06-27 v0.33 Utility functions of pdfTeX for LuaTeX (HO
)

(/usr/local/texlive/2025/texmf-dist/tex/generic/infwarerr/infwarerr.sty
Package: infwarerr 2019/12/03 v1.5 Providing info/warning/error messages (HO)
)
Package pdftexcmds Info: \pdf@primitive is available.
Package pdftexcmds Info: \pdf@ifprimitive is available.
Package pdftexcmds Info: \pdfdraftmode found.
))
(/usr/local/texlive/2025/texmf-dist/tex/latex/hycolor/hycolor.sty
Package: hycolor 2020-01-27 v1.10 Color options for hyperref/bookmark (HO)
)
(/usr/local/texlive/2025/texmf-dist/tex/latex/hyperref/nameref.sty
Package: nameref 2023-11-26 v2.56 Cross-referencing by name of section

(/usr/local/texlive/2025/texmf-dist/tex/latex/refcount/refcount.sty
Package: refcount 2019/12/15 v3.6 Data extraction from label references (HO)
)
(/usr/local/texlive/2025/texmf-dist/tex/generic/gettitlestring/gettitlestring.s
ty
Package: gettitlestring 2019/12/15 v1.6 Cleanup title references (HO)
 (/usr/local/texlive/2025/texmf-dist/tex/latex/kvoptions/kvoptions.sty
Package: kvoptions 2022-06-15 v3.15 Key value format for package options (HO)
))
\c@section@level=\count291
)
(/usr/local/texlive/2025/texmf-dist/tex/latex/etoolbox/etoolbox.sty
Package: etoolbox 2025/02/11 v2.5l e-TeX tools for LaTeX (JAW)
\etb@tempcnta=\count292
)
(/usr/local/texlive/2025/texmf-dist/tex/generic/stringenc/stringenc.sty
Package: stringenc 2019/11/29 v1.12 Convert strings between diff. encodings (HO
)
)
\@linkdim=\dimen176
\Hy@linkcounter=\count293
\Hy@pagecounter=\count294

(/usr/local/texlive/2025/texmf-dist/tex/latex/hyperref/pd1enc.def
File: pd1enc.def 2024-11-05 v7.01l Hyperref: PDFDocEncoding definition (HO)
Now handling font encoding PD1 ...
... no UTF-8 mapping file for font encoding PD1
)
(/usr/local/texlive/2025/texmf-dist/tex/generic/intcalc/intcalc.sty
Package: intcalc 2019/12/15 v1.3 Expandable calculations with integers (HO)
)
\Hy@SavedSpaceFactor=\count295

(/usr/local/texlive/2025/texmf-dist/tex/latex/hyperref/puenc.def
File: puenc.def 2024-11-05 v7.01l Hyperref: PDF Unicode definition (HO)
Now handling font encoding PU ...
... no UTF-8 mapping file for font encoding PU
)
Package hyperref Info: Option `colorlinks' set `true' on input line 4040.
Package hyperref Info: Hyper figures OFF on input line 4157.
Package hyperref Info: Link nesting OFF on input line 4162.
Package hyperref Info: Hyper index ON on input line 4165.
Package hyperref Info: Plain pages OFF on input line 4172.
Package hyperref Info: Backreferencing OFF on input line 4177.
Package hyperref Info: Implicit mode ON; LaTeX internals redefined.
Package hyperref Info: Bookmarks ON on input line 4424.
\c@Hy@tempcnt=\count296

(/usr/local/texlive/2025/texmf-dist/tex/latex/url/url.sty
\Urlmuskip=\muskip17
Package: url 2013/09/16  ver 3.4  Verb mode for urls, etc.
)
LaTeX Info: Redefining \url on input line 4763.
\XeTeXLinkMargin=\dimen177

(/usr/local/texlive/2025/texmf-dist/tex/generic/bitset/bitset.sty
Package: bitset 2019/12/09 v1.3 Handle bit-vector datatype (HO)

(/usr/local/texlive/2025/texmf-dist/tex/generic/bigintcalc/bigintcalc.sty
Package: bigintcalc 2019/12/15 v1.5 Expandable calculations on big integers (HO
)
))
\Fld@menulength=\count297
\Field@Width=\dimen178
\Fld@charsize=\dimen179
Package hyperref Info: Hyper figures OFF on input line 6042.
Package hyperref Info: Link nesting OFF on input line 6047.
Package hyperref Info: Hyper index ON on input line 6050.
Package hyperref Info: backreferencing OFF on input line 6057.
Package hyperref Info: Link coloring ON on input line 6060.
Package hyperref Info: Link coloring with OCG OFF on input line 6067.
Package hyperref Info: PDF/A mode OFF on input line 6072.

(/usr/local/texlive/2025/texmf-dist/tex/latex/base/atbegshi-ltx.sty
Package: atbegshi-ltx 2021/01/10 v1.0c Emulation of the original atbegshi
package with kernel methods
)
\Hy@abspage=\count298
\c@Item=\count299
\c@Hfootnote=\count300
)
Package hyperref Info: Driver (autodetected): hpdftex.

(/usr/local/texlive/2025/texmf-dist/tex/latex/hyperref/hpdftex.def
File: hpdftex.def 2024-11-05 v7.01l Hyperref driver for pdfTeX

(/usr/local/texlive/2025/texmf-dist/tex/latex/base/atveryend-ltx.sty
Package: atveryend-ltx 2020/08/19 v1.0a Emulation of the original atveryend pac
kage
with kernel methods
)
\Fld@listcount=\count301
\c@bookmark@seq@number=\count302

(/usr/local/texlive/2025/texmf-dist/tex/latex/rerunfilecheck/rerunfilecheck.sty
Package: rerunfilecheck 2022-07-10 v1.10 Rerun checks for auxiliary files (HO)

(/usr/local/texlive/2025/texmf-dist/tex/generic/uniquecounter/uniquecounter.sty
Package: uniquecounter 2019/12/15 v1.4 Provide unlimited unique counter (HO)
)
Package uniquecounter Info: New unique counter `rerunfilecheck' on input line 2
85.
)
\Hy@SectionHShift=\skip54
)
(/usr/local/texlive/2025/texmf-dist/tex/latex/l3backend/l3backend-pdftex.def
File: l3backend-pdftex.def 2024-05-08 L3 backend support: PDF output (pdfTeX)
\l__color_backend_stack_int=\count303
\l__pdf_internal_box=\box57
)
(./api.aux)
\openout1 = `api.aux'.

LaTeX Font Info:    Checking defaults for OML/cmm/m/it on input line 85.
LaTeX Font Info:    ... okay on input line 85.
LaTeX Font Info:    Checking defaults for OMS/cmsy/m/n on input line 85.
LaTeX Font Info:    ... okay on input line 85.
LaTeX Font Info:    Checking defaults for OT1/cmr/m/n on input line 85.
LaTeX Font Info:    ... okay on input line 85.
LaTeX Font Info:    Checking defaults for T1/cmr/m/n on input line 85.
LaTeX Font Info:    ... okay on input line 85.
LaTeX Font Info:    Checking defaults for TS1/cmr/m/n on input line 85.
LaTeX Font Info:    ... okay on input line 85.
LaTeX Font Info:    Checking defaults for OMX/cmex/m/n on input line 85.
LaTeX Font Info:    ... okay on input line 85.
LaTeX Font Info:    Checking defaults for U/cmr/m/n on input line 85.
LaTeX Font Info:    ... okay on input line 85.
LaTeX Font Info:    Checking defaults for PD1/pdf/m/n on input line 85.
LaTeX Font Info:    ... okay on input line 85.
LaTeX Font Info:    Checking defaults for PU/pdf/m/n on input line 85.
LaTeX Font Info:    ... okay on input line 85.

*geometry* driver: auto-detecting
*geometry* detected driver: pdftex
*geometry* verbose mode - [ preamble ] result:
* driver: pdftex
* paper: a4paper
* layout: <same size as paper>
* layoutoffset:(h,v)=(0.0pt,0.0pt)
* modes: 
* h-part:(L,W,R)=(71.13188pt, 455.24411pt, 71.13188pt)
* v-part:(T,H,B)=(71.13188pt, 702.78308pt, 71.13188pt)
* \paperwidth=597.50787pt
* \paperheight=845.04684pt
* \textwidth=455.24411pt
* \textheight=702.78308pt
* \oddsidemargin=-1.1381pt
* \evensidemargin=-1.1381pt
* \topmargin=-38.1381pt
* \headheight=12.0pt
* \headsep=25.0pt
* \topskip=11.0pt
* \footskip=30.0pt
* \marginparwidth=50.0pt
* \marginparsep=10.0pt
* \columnsep=10.0pt
* \skip\footins=10.0pt plus 4.0pt minus 2.0pt
* \hoffset=0.0pt
* \voffset=0.0pt
* \mag=1000
* \@twocolumnfalse
* \@twosidefalse
* \@mparswitchfalse
* \@reversemarginfalse
* (1in=72.27pt=25.4mm, 1cm=28.453pt)

(/usr/local/texlive/2025/texmf-dist/tex/context/base/mkii/supp-pdf.mkii
[Loading MPS to PDF converter (version 2006.09.02).]
\scratchcounter=\count304
\scratchdimen=\dimen180
\scratchbox=\box58
\nofMPsegments=\count305
\nofMParguments=\count306
\everyMPshowfont=\toks25
\MPscratchCnt=\count307
\MPscratchDim=\dimen181
\MPnumerator=\count308
\makeMPintoPDFobject=\count309
\everyMPtoPDFconversion=\toks26
)
\c@lstlisting=\count310
Package hyperref Info: Link coloring ON on input line 85.
 (./api.out) (./api.out)
\@outlinefile=\write3
\openout3 = `api.out'.

LaTeX Font Info:    External font `cmex10' loaded for size
(Font)              <12> on input line 88.
LaTeX Font Info:    External font `cmex10' loaded for size
(Font)              <8> on input line 88.
LaTeX Font Info:    External font `cmex10' loaded for size
(Font)              <6> on input line 88.


[1

{/usr/local/texlive/2025/texmf-var/fonts/map/pdftex/updmap/pdftex.map}{/usr/loc
al/texlive/2025/texmf-dist/fonts/enc/dvips/cm-super/cm-super-t1.enc}]
(./api.toc
LaTeX Font Info:    External font `cmex10' loaded for size
(Font)              <10.95> on input line 3.



pdfTeX warning (ext4): destination with the same identifier (name{page.1}) has 
been already used, duplicate ignored
<to be read again> 
                   \relax 
l.39 ...umberline {7.2}Maze code}{15}{section.7.2}
                                                  % [1

])
\tf@toc=\write4
\openout4 = `api.toc'.



[2]
Chapter 1.


[3

{/usr/local/texlive/2025/texmf-dist/fonts/enc/dvips/cm-super/cm-super-ts1.enc}]

Chapter 2.


[4

]
Chapter 3.
LaTeX Font Info:    Font shape `T1/cmtt/bx/n' in size <12> not available
(Font)              Font shape `T1/cmtt/m/n' tried instead on input line 179.
LaTeX Font Info:    Font shape `T1/cmtt/bx/n' in size <10.95> not available
(Font)              Font shape `T1/cmtt/m/n' tried instead on input line 182.
LaTeX Font Info:    Font shape `T1/cmtt/bx/n' in size <10> not available
(Font)              Font shape `T1/cmtt/m/n' tried instead on input line 203.

Overfull \hbox (30.32411pt too wide) in paragraph at lines 224--228
\T1/cmr/m/n/10.95 Page-wide, tog-gleable con-tex-tual help (\T1/cmtt/m/n/10 com
ponents/hints/\T1/cmr/m/n/10.95 ). Con-tent lives ex-clu-sively in \T1/cmtt/m/n
/10 hintContent.ts
 []



[5

]
Underfull \hbox (badness 1184) in paragraph at lines 236--239
\T1/cmr/bx/n/10.95 Side ef-fects. \T1/cmr/m/n/10.95 Per-sists \T1/cmtt/m/n/10.9
5 enabled \T1/cmr/m/n/10.95 to \T1/cmtt/m/n/10.95 localStorage \T1/cmr/m/n/10.9
5 (\T1/cmtt/m/n/10.95 bs.hints.enabled\T1/cmr/m/n/10.95 ) and \T1/cmtt/m/n/10.9
5 seen \T1/cmr/m/n/10.95 ids to
 []



[6]
Chapter 4.
LaTeX Font Info:    Font shape `T1/cmtt/bx/n' in size <14.4> not available
(Font)              Font shape `T1/cmtt/m/n' tried instead on input line 281.

Underfull \hbox (badness 10000) in paragraph at lines 295--299
\T1/cmr/bx/n/10.95 Notes. \T1/cmr/m/n/10.95 Im-ple-mented by \T1/cmtt/m/n/10.95
 createMapProblem \T1/cmr/m/n/10.95 (\T1/cmtt/m/n/10 engine/functionSurface.ts\
T1/cmr/m/n/10.95 ) and
 []


Underfull \hbox (badness 1412) in paragraph at lines 295--299
\T1/cmtt/m/n/10.95 createFunctionProblem \T1/cmr/m/n/10.95 (\T1/cmtt/m/n/10 eng
ine/functionProblem.ts\T1/cmr/m/n/10.95 ). New prob-lem sources only need
 []


Underfull \hbox (badness 10000) in paragraph at lines 329--329
[]\T1/cmtt/m/n/12 Individual, Generation, SelectionFn, CrossoverFn, MutationFn,
 RNG
 []



[7

]
Underfull \hbox (badness 10000) in paragraph at lines 344--347
[]\T1/cmr/m/n/10.95 Marching-squares iso-line ex-trac-tion: \T1/cmtt/m/n/10.95 
buildContours(evaluate, levels, resolution)\T1/cmr/m/n/10.95 .
 []


Underfull \hbox (badness 10000) in paragraph at lines 389--389
[]\T1/cmtt/m/n/12 SELECTION_STRATEGIES, CROSSOVER_STRATEGIES, MUTATION_STRATEGI
ES
 []


Underfull \hbox (badness 10000) in paragraph at lines 390--394
[]\T1/cmr/m/n/10.95 Strategy reg-istries map-ping each \T1/cmtt/m/n/10.95 *Stra
tegy \T1/cmr/m/n/10.95 string to its im-ple-men-ta-tion.
 []



[8]
Underfull \hbox (badness 2600) in paragraph at lines 442--446
\T1/cmr/m/n/10.95 React-side owner of the EA worker. \T1/cmtt/m/n/10.95 EAStatu
s = 'idle' | 'running' | 'solved' |
 []



[9]
Underfull \hbox (badness 10000) in paragraph at lines 482--485
[]\T1/cmr/m/n/10.95 Tunables: \T1/cmtt/m/n/10.95 DEFAULT_CONTOUR_CONFIG \T1/cmr
/m/n/10.95 (lineCount, spacing-Ex-po-nent, res-o-lu-tion),
 []


Underfull \hbox (badness 10000) in paragraph at lines 496--496
[]\T1/cmtt/m/n/12 FitnessChart, ModeSelector, CodeModal, SavedMapsSidebar,
 []



[10]
Chapter 5.
LaTeX Font Info:    External font `cmex10' loaded for size
(Font)              <7> on input line 515.
LaTeX Font Info:    External font `cmex10' loaded for size
(Font)              <5> on input line 515.

Underfull \hbox (badness 2980) in paragraph at lines 550--553
[]\T1/cmr/m/n/10.95 Builds a \T1/cmtt/m/n/10.95 MazeProblem \T1/cmr/m/n/10.95 (
maze + fit-ness func-tion se-lec-tion) anal-o-gous to Bat-tle-Ships'
 []



[11

]
Underfull \hbox (badness 10000) in paragraph at lines 593--593
[]\T1/cmtt/m/n/12 MazeCanvas, MazeExperimentMode, MazeEASettingsPanel, MazeEARe
playOverlay,
 []



[12]
Chapter 6.


[13

]
Underfull \hbox (badness 10000) in paragraph at lines 666--669
[]\T1/cmtt/m/n/10.95 calculateFitness(stats: RoundStats): number\T1/cmr/m/n/10.
95 , \T1/cmtt/m/n/10.95 calculateRaidbossFitness(stats,
 []



[14]
Underfull \hbox (badness 10000) in paragraph at lines 719--719
[]\T1/cmtt/m/n/12 ShooterCanvas, HordeCanvas, DNADisplay, MobileJoystickZone, M
obileAimZone
 []



[15]
Chapter 7.


[16

]
Appendix A.

Overfull \hbox (62.43866pt too wide) in paragraph at lines 784--787
[]\T1/cmr/bx/n/10.95 Add a new maze fit-ness func-tion \T1/cmr/m/n/10.95 --- ex
-tend \T1/cmtt/m/n/10.95 FitnessFnId\T1/cmr/m/n/10.95 , \T1/cmtt/m/n/10.95 FITN
ESS_FN_IDS \T1/cmr/m/n/10.95 and \T1/cmtt/m/n/10.95 FITNESS_FN_LABELS\T1/cmr/m/
n/10.95 ,
 []


Overfull \hbox (29.56921pt too wide) in paragraph at lines 789--791
[]\T1/cmr/bx/n/10.95 Add a hint \T1/cmr/m/n/10.95 --- one en-try in \T1/cmtt/m/
n/10.95 hintContent.ts\T1/cmr/m/n/10.95 , fire via \T1/cmtt/m/n/10.95 showHint(
id) \T1/cmr/m/n/10.95 or wrap with \T1/cmtt/m/n/10.95 <HintPopover>\T1/cmr/m/n/
10.95 . 
 []



[17

]
Appendix B.


[18

] (./api.aux)
 ***********
LaTeX2e <2024-11-01> patch level 2
L3 programming layer <2025-01-18>
 ***********


LaTeX Warning: Label(s) may have changed. Rerun to get cross-references right.

Package rerunfilecheck Info: File `api.out' has not changed.
(rerunfilecheck)             Checksum: 8B51F64AFE31CF6148B0E103C70A0B8A;6744.
 ) 
Here is how much of TeX's memory you used:
 12823 strings out of 473190
 196337 string characters out of 5715801
 682842 words of memory out of 5000000
 35825 multiletter control sequences out of 15000+600000
 574949 words of font info for 69 fonts, out of 8000000 for 9000
 1141 hyphenation exceptions out of 8191
 75i,11n,79p,317b,1289s stack positions out of 10000i,1000n,20000p,200000b,200000s
</usr/local/texlive/2025/texmf-dist/fonts/type1/public/amsfonts/cm/cmmi10.pfb
></usr/local/texlive/2025/texmf-dist/fonts/type1/public/amsfonts/cm/cmr10.pfb><
/usr/local/texlive/2025/texmf-dist/fonts/type1/public/amsfonts/cm/cmsy10.pfb></
usr/local/texlive/2025/texmf-dist/fonts/type1/public/cm-super/sfbx1095.pfb></us
r/local/texlive/2025/texmf-dist/fonts/type1/public/cm-super/sfbx1440.pfb></usr/
local/texlive/2025/texmf-dist/fonts/type1/public/cm-super/sfbx2074.pfb></usr/lo
cal/texlive/2025/texmf-dist/fonts/type1/public/cm-super/sfbx2488.pfb></usr/loca
l/texlive/2025/texmf-dist/fonts/type1/public/cm-super/sfit1000.pfb></usr/local/
texlive/2025/texmf-dist/fonts/type1/public/cm-super/sfrm1095.pfb></usr/local/te
xlive/2025/texmf-dist/fonts/type1/public/cm-super/sfrm1200.pfb></usr/local/texl
ive/2025/texmf-dist/fonts/type1/public/cm-super/sfrm1728.pfb></usr/local/texliv
e/2025/texmf-dist/fonts/type1/public/cm-super/sfti1095.pfb></usr/local/texlive/
2025/texmf-dist/fonts/type1/public/cm-super/sftt1000.pfb></usr/local/texlive/20
25/texmf-dist/fonts/type1/public/cm-super/sftt1095.pfb></usr/local/texlive/2025
/texmf-dist/fonts/type1/public/cm-super/sftt1200.pfb>
Output written on api.pdf (19 pages, 379626 bytes).
PDF statistics:
 480 PDF objects out of 1000 (max. 8388607)
 414 compressed objects within 5 object streams
 116 named destinations out of 1000 (max. 500000)
 337 words of extra memory for PDF output out of 10000 (max. 10000000)

