\BOOKMARK [0][-]{chapter.1}{\376\377\000I\000n\000t\000r\000o\000d\000u\000c\000t\000i\000o\000n}{}% 1
\BOOKMARK [1][-]{section.1.1}{\376\377\000W\000h\000a\000t\000\040\000i\000s\000\040\000O\000p\000t\000i\000m\000i\000z\000e\000\040\000A\000g\000a\000i\000n\000s\000t\000\040\000E\000A\000?}{chapter.1}% 2
\BOOKMARK [1][-]{section.1.2}{\376\377\000W\000h\000o\000\040\000i\000s\000\040\000t\000h\000i\000s\000\040\000m\000a\000n\000u\000a\000l\000\040\000f\000o\000r\000?}{chapter.1}% 3
\BOOKMARK [1][-]{section.1.3}{\376\377\000E\000d\000u\000c\000a\000t\000i\000o\000n\000a\000l\000\040\000g\000o\000a\000l\000s}{chapter.1}% 4
\BOOKMARK [0][-]{chapter.2}{\376\377\000G\000e\000t\000t\000i\000n\000g\000\040\000S\000t\000a\000r\000t\000e\000d}{}% 5
\BOOKMARK [1][-]{section.2.1}{\376\377\000P\000l\000a\000y\000i\000n\000g\000\040\000o\000n\000l\000i\000n\000e\000\040\000\050\000r\000e\000c\000o\000m\000m\000e\000n\000d\000e\000d\000\051}{chapter.2}% 6
\BOOKMARK [1][-]{section.2.2}{\376\377\000S\000y\000s\000t\000e\000m\000\040\000r\000e\000q\000u\000i\000r\000e\000m\000e\000n\000t\000s}{chapter.2}% 7
\BOOKMARK [1][-]{section.2.3}{\376\377\000R\000u\000n\000n\000i\000n\000g\000\040\000l\000o\000c\000a\000l\000l\000y\000\040\000f\000r\000o\000m\000\040\000s\000o\000u\000r\000c\000e}{chapter.2}% 8
\BOOKMARK [1][-]{section.2.4}{\376\377\000F\000i\000r\000s\000t\000\040\000s\000t\000e\000p\000s\000\040\000i\000n\000\040\000t\000h\000e\000\040\000a\000p\000p}{chapter.2}% 9
\BOOKMARK [1][-]{section.2.5}{\376\377\000T\000h\000e\000\040\000b\000u\000i\000l\000t\000-\000i\000n\000\040\000h\000e\000l\000p\000\040\000a\000n\000d\000\040\000h\000i\000n\000t\000\040\000s\000y\000s\000t\000e\000m\000s}{chapter.2}% 10
\BOOKMARK [0][-]{chapter.3}{\376\377\000P\000e\000a\000k\000\040\000F\000i\000n\000d\000e\000r}{}% 11
\BOOKMARK [1][-]{section.3.1}{\376\377\000C\000o\000n\000c\000e\000p\000t}{chapter.3}% 12
\BOOKMARK [1][-]{section.3.2}{\376\377\000G\000a\000m\000e\000\040\000m\000o\000d\000e\000s}{chapter.3}% 13
\BOOKMARK [2][-]{subsection.3.2.1}{\376\377\000P\000l\000a\000y}{section.3.2}% 14
\BOOKMARK [2][-]{subsection.3.2.2}{\376\377\000C\000r\000e\000a\000t\000e}{section.3.2}% 15
\BOOKMARK [2][-]{subsection.3.2.3}{\376\377\000V\000s\000\040\000E\000A}{section.3.2}% 16
\BOOKMARK [1][-]{section.3.3}{\376\377\000T\000h\000e\000\040\000E\000A\000\040\000s\000e\000t\000t\000i\000n\000g\000s\000\040\000p\000a\000n\000e\000l}{chapter.3}% 17
\BOOKMARK [1][-]{section.3.4}{\376\377\000T\000h\000e\000\040\000r\000e\000p\000l\000a\000y\000\040\000v\000i\000e\000w\000e\000r}{chapter.3}% 18
\BOOKMARK [1][-]{section.3.5}{\376\377\000S\000h\000a\000r\000i\000n\000g\000\040\000m\000a\000p\000s\000:\000\040\000m\000a\000p\000\040\000c\000o\000d\000e\000s}{chapter.3}% 19
\BOOKMARK [1][-]{section.3.6}{\376\377\000B\000e\000n\000c\000h\000m\000a\000r\000k\000\040\000f\000u\000n\000c\000t\000i\000o\000n\000s}{chapter.3}% 20
\BOOKMARK [1][-]{section.3.7}{\376\377\000F\000u\000n\000c\000t\000i\000o\000n\000\040\000T\000u\000n\000e\000r\000\040\000\050\000d\000e\000v\000e\000l\000o\000p\000e\000r\000\040\000t\000o\000o\000l\000\051}{chapter.3}% 21
\BOOKMARK [0][-]{chapter.4}{\376\377\000M\000a\000z\000e\000\040\000E\000x\000p\000l\000o\000r\000e\000r}{}% 22
\BOOKMARK [1][-]{section.4.1}{\376\377\000C\000o\000n\000c\000e\000p\000t}{chapter.4}% 23
\BOOKMARK [1][-]{section.4.2}{\376\377\000S\000o\000l\000v\000e\000\040\000m\000o\000d\000e\000:\000\040\000y\000o\000u\000\040\000a\000r\000e\000\040\000t\000h\000e\000\040\000E\000A}{chapter.4}% 24
\BOOKMARK [1][-]{section.4.3}{\376\377\000C\000o\000n\000t\000r\000o\000l\000\040\000t\000h\000e\000\040\000E\000A\000\040\000\050\000e\000x\000p\000e\000r\000i\000m\000e\000n\000t\000\040\000m\000o\000d\000e\000\051}{chapter.4}% 25
\BOOKMARK [1][-]{section.4.4}{\376\377\000F\000i\000t\000n\000e\000s\000s\000\040\000f\000u\000n\000c\000t\000i\000o\000n\000s\000:\000\040\000t\000h\000e\000\040\000h\000e\000a\000d\000l\000i\000n\000e\000\040\000e\000x\000p\000e\000r\000i\000m\000e\000n\000t}{chapter.4}% 26
\BOOKMARK [1][-]{section.4.5}{\376\377\000C\000r\000e\000a\000t\000e\000\040\000m\000o\000d\000e}{chapter.4}% 27
\BOOKMARK [0][-]{chapter.5}{\376\377\000S\000h\000o\000o\000t\000e\000r\000\040\000G\000a\000m\000e}{}% 28
\BOOKMARK [1][-]{section.5.1}{\376\377\000C\000o\000n\000c\000e\000p\000t}{chapter.5}% 29
\BOOKMARK [1][-]{section.5.2}{\376\377\000C\000o\000n\000t\000r\000o\000l\000s}{chapter.5}% 30
\BOOKMARK [1][-]{section.5.3}{\376\377\000G\000a\000m\000e\000\040\000m\000o\000d\000e\000s}{chapter.5}% 31
\BOOKMARK [2][-]{subsection.5.3.1}{\376\377\000S\000o\000l\000o}{section.5.3}% 32
\BOOKMARK [2][-]{subsection.5.3.2}{\376\377\000H\000o\000r\000d\000e}{section.5.3}% 33
\BOOKMARK [2][-]{subsection.5.3.3}{\376\377\000C\000o\000m\000m\000u\000n\000i\000t\000y\000\040\000R\000a\000i\000d\000b\000o\000s\000s}{section.5.3}% 34
\BOOKMARK [1][-]{section.5.4}{\376\377\000R\000e\000a\000d\000i\000n\000g\000\040\000t\000h\000e\000\040\000D\000N\000A\000\040\000d\000i\000s\000p\000l\000a\000y}{chapter.5}% 35
\BOOKMARK [1][-]{section.5.5}{\376\377\000H\000o\000w\000\040\000t\000h\000e\000\040\000e\000v\000o\000l\000u\000t\000i\000o\000n\000\040\000w\000o\000r\000k\000s\000\040\000\050\000i\000n\000\040\000b\000r\000i\000e\000f\000\051}{chapter.5}% 36
\BOOKMARK [0][-]{chapter.6}{\376\377\000A\000\040\000S\000m\000a\000l\000l\000\040\000E\000A\000\040\000G\000l\000o\000s\000s\000a\000r\000y}{}% 37
\BOOKMARK [0][-]{chapter.7}{\376\377\000T\000r\000o\000u\000b\000l\000e\000s\000h\000o\000o\000t\000i\000n\000g\000\040\000\046\000\040\000F\000A\000Q}{}% 38
\BOOKMARK [0][-]{appendix.A}{\376\377\000R\000o\000u\000t\000e\000\040\000R\000e\000f\000e\000r\000e\000n\000c\000e}{}% 39
